<?xml version="1.0" encoding="UTF-8"?>
<!-- Generated by org.testng.reporters.JUnitReportReporter -->
<testsuite hostname="RamaraoD" name="com.ng.JqueryTest" tests="1" failures="0" timestamp="10 Jan 2025 00:12:49 GMT" time="12.599" errors="0">
  <testcase name="jQuery" time="12.599" classname="com.ng.JqueryTest"/>
</testsuite> <!-- com.ng.JqueryTest -->
