<?xml version="1.0" encoding="UTF-8"?>
<!-- Generated by org.testng.reporters.JUnitReportReporter -->
<testsuite hostname="RamaraoD" name="com.all.FacebookTest" tests="1" failures="0" timestamp="4 Jan 2025 02:49:55 GMT" time="6.087" errors="0">
  <testcase name="fb" time="6.087" classname="com.all.FacebookTest"/>
</testsuite> <!-- com.all.FacebookTest -->
