<?xml version="1.0" encoding="UTF-8"?>
<!-- Generated by org.testng.reporters.JUnitReportReporter -->
<testsuite hostname="RamaraoD" name="com.all.OrangeHRMTest" tests="1" failures="0" timestamp="4 Jan 2025 02:49:55 GMT" time="12.317" errors="0">
  <testcase name="hrm" time="12.317" classname="com.all.OrangeHRMTest"/>
</testsuite> <!-- com.all.OrangeHRMTest -->
