<?xml version="1.0" encoding="UTF-8"?>
<!-- Generated by org.testng.reporters.JUnitReportReporter -->
<testsuite hostname="RamaraoD" name="com.apple.FruitsDependsTest" tests="5" failures="0" timestamp="28 Dec 2024 03:13:10 GMT" time="0.031" errors="0">
  <testcase name="apple" time="0.001" classname="com.apple.FruitsDependsTest"/>
  <testcase name="grapes" time="0.025" classname="com.apple.FruitsDependsTest"/>
  <testcase name="guva" time="0.001" classname="com.apple.FruitsDependsTest"/>
  <testcase name="mango" time="0.000" classname="com.apple.FruitsDependsTest"/>
  <testcase name="banana" time="0.004" classname="com.apple.FruitsDependsTest"/>
</testsuite> <!-- com.apple.FruitsDependsTest -->
