<?xml version="1.0" encoding="UTF-8"?>
<!-- Generated by org.testng.reporters.JUnitReportReporter -->
<testsuite hostname="RamaraoD" name="com.ng.OrangeHRMTest" tests="1" failures="0" timestamp="10 Jan 2025 00:12:49 GMT" time="18.317" errors="0">
  <testcase name="hrm" time="18.317" classname="com.ng.OrangeHRMTest"/>
</testsuite> <!-- com.ng.OrangeHRMTest -->
