<?xml version="1.0" encoding="UTF-8"?>
<!-- Generated by org.testng.reporters.JUnitReportReporter -->
<testsuite hostname="RamaraoD" name="com.ng.NumbersTest" tests="1" failures="0" timestamp="15 Dec 2024 03:28:57 GMT" time="0.008" errors="0">
  <testcase name="nine" time="0.008" classname="com.ng.NumbersTest"/>
</testsuite> <!-- com.ng.NumbersTest -->
