<?xml version="1.0" encoding="UTF-8"?>
<!-- Generated by org.testng.reporters.JUnitReportReporter -->
<testsuite hostname="RamaraoD" name="com.miss.FacebookTest" tests="1" failures="0" timestamp="10 Jan 2025 00:13:53 GMT" time="5.742" errors="0">
  <testcase name="fb" time="5.742" classname="com.miss.FacebookTest"/>
</testsuite> <!-- com.miss.FacebookTest -->
