<?xml version="1.0" encoding="UTF-8"?>
<!-- Generated by org.testng.reporters.JUnitReportReporter -->
<testsuite hostname="RamaraoD" name="com.ng.FacebookReportsTest" tests="1" failures="0" timestamp="29 Dec 2024 03:49:13 GMT" time="11.822" errors="0">
  <testcase name="fb" time="11.822" classname="com.ng.FacebookReportsTest"/>
</testsuite> <!-- com.ng.FacebookReportsTest -->
