<?xml version="1.0" encoding="UTF-8"?>
<!-- Generated by org.testng.reporters.JUnitReportReporter -->
<testsuite hostname="RamaraoD" name="com.all.IHGDropDownTest" tests="1" failures="0" timestamp="4 Jan 2025 02:49:55 GMT" time="25.045" errors="0">
  <testcase name="ihgDropdown" time="25.045" classname="com.all.IHGDropDownTest"/>
</testsuite> <!-- com.all.IHGDropDownTest -->
