<?xml version="1.0" encoding="UTF-8"?>
<!-- Generated by org.testng.reporters.JUnitReportReporter -->
<testsuite hostname="RamaraoD" name="com.grp.OrangeHRMTest" tests="1" failures="0" timestamp="4 Jan 2025 02:48:45 GMT" time="15.334" errors="0">
  <testcase name="hrm" time="15.334" classname="com.grp.OrangeHRMTest"/>
</testsuite> <!-- com.grp.OrangeHRMTest -->
