<?xml version="1.0" encoding="UTF-8"?>
<!-- Generated by org.testng.reporters.JUnitReportReporter -->
<testsuite hostname="RamaraoD" name="com.apple.FacebookTest" tests="3" failures="0" timestamp="28 Dec 2024 02:47:43 GMT" time="22.322" errors="0">
  <testcase name="fb" time="10.464" classname="com.apple.FacebookTest"/>
  <testcase name="fb" time="6.231" classname="com.apple.FacebookTest"/>
  <testcase name="fb" time="5.627" classname="com.apple.FacebookTest"/>
</testsuite> <!-- com.apple.FacebookTest -->
