<?xml version="1.0" encoding="UTF-8"?>
<!-- Generated by org.testng.reporters.JUnitReportReporter -->
<testsuite hostname="RamaraoD" name="com.apple.FruitsTest" tests="5" failures="0" timestamp="28 Dec 2024 03:06:27 GMT" time="0.019" errors="0">
  <testcase name="banana" time="0.002" classname="com.apple.FruitsTest"/>
  <testcase name="grapes" time="0.012" classname="com.apple.FruitsTest"/>
  <testcase name="mango" time="0.002" classname="com.apple.FruitsTest"/>
  <testcase name="apple" time="0.001" classname="com.apple.FruitsTest"/>
  <testcase name="guva" time="0.002" classname="com.apple.FruitsTest"/>
</testsuite> <!-- com.apple.FruitsTest -->
