<?xml version="1.0" encoding="UTF-8"?>
<!-- Generated by org.testng.reporters.JUnitReportReporter -->
<testsuite hostname="RamaraoD" name="com.miss.OrangeHRMTest" tests="1" failures="0" timestamp="10 Jan 2025 00:13:53 GMT" time="11.278" errors="0">
  <testcase name="hrm" time="11.278" classname="com.miss.OrangeHRMTest"/>
</testsuite> <!-- com.miss.OrangeHRMTest -->
