<?xml version="1.0" encoding="UTF-8"?>
<!-- Generated by org.testng.reporters.JUnitReportReporter -->
<testsuite hostname="RamaraoD" name="com.grp.IHGDropDownTest" tests="1" failures="0" timestamp="5 Jan 2025 03:44:18 GMT" time="19.758" errors="0">
  <testcase name="ihgDropdown" time="19.758" classname="com.grp.IHGDropDownTest"/>
</testsuite> <!-- com.grp.IHGDropDownTest -->
