<?xml version="1.0" encoding="UTF-8"?>
<!-- Generated by org.testng.reporters.JUnitReportReporter -->
<testsuite hostname="RamaraoD" name="com.ng.FacebookAssertTest" tests="1" failures="0" timestamp="29 Dec 2024 03:00:58 GMT" time="6.518" errors="0">
  <testcase name="fb" time="6.518" classname="com.ng.FacebookAssertTest"/>
</testsuite> <!-- com.ng.FacebookAssertTest -->
