<?xml version="1.0" encoding="UTF-8"?>
<!-- Generated by org.testng.reporters.JUnitReportReporter -->
<testsuite hostname="RamaraoD" name="com.apple.OrangeHRMTest" tests="1" failures="0" timestamp="28 Dec 2024 02:58:39 GMT" time="22.982" errors="0">
  <testcase name="hrm" time="22.982" classname="com.apple.OrangeHRMTest"/>
</testsuite> <!-- com.apple.OrangeHRMTest -->
