<?xml version="1.0" encoding="UTF-8"?>
<!-- Generated by org.testng.reporters.JUnitReportReporter -->
<testsuite hostname="RamaraoD" name="com.grp.FacebookTest" tests="1" failures="0" timestamp="28 Dec 2024 03:38:13 GMT" time="5.401" errors="0">
  <testcase name="fb" time="5.401" classname="com.grp.FacebookTest"/>
</testsuite> <!-- com.grp.FacebookTest -->
