<?xml version="1.0" encoding="UTF-8"?>
<!-- Generated by org.testng.reporters.JUnitReportReporter -->
<testsuite hostname="RamaraoD" name="com.ng.FacebookVerifyTest" tests="1" failures="0" timestamp="29 Dec 2024 03:05:15 GMT" time="6.828" errors="0">
  <testcase name="fb" time="6.828" classname="com.ng.FacebookVerifyTest"/>
</testsuite> <!-- com.ng.FacebookVerifyTest -->
