<?xml version="1.0" encoding="UTF-8"?>
<!-- Generated by org.testng.reporters.JUnitReportReporter -->
<testsuite hostname="RamaraoD" name="com.ng.FacebookTest" tests="1" failures="0" timestamp="10 Jan 2025 00:12:49 GMT" time="17.433" errors="0">
  <testcase name="fb" time="17.433" classname="com.ng.FacebookTest"/>
</testsuite> <!-- com.ng.FacebookTest -->
