<?xml version="1.0" encoding="UTF-8"?>
<!-- Generated by org.testng.reporters.JUnitReportReporter -->
<testsuite hostname="Arun-PC" failures="0" tests="1" name="com.ng.FacebookTest" time="10.708" errors="0" timestamp="29 Mar 2025 02:01:54 GMT" skipped="0">
  <testcase classname="com.ng.FacebookTest" name="fb" time="10.708"/>
</testsuite> <!-- com.ng.FacebookTest -->
