<?xml version="1.0" encoding="UTF-8"?>
<!-- Generated by org.testng.reporters.JUnitReportReporter -->
<testsuite hostname="Arun-PC" failures="0" tests="1" name="com.grp.OrangeHRMTest" time="8.959" errors="0" timestamp="29 Mar 2025 02:01:54 GMT" skipped="0">
  <testcase classname="com.grp.OrangeHRMTest" name="hrm" time="8.959"/>
</testsuite> <!-- com.grp.OrangeHRMTest -->
