<?xml version="1.0" encoding="UTF-8"?>
<!-- Generated by org.testng.reporters.JUnitReportReporter -->
<testsuite hostname="Arun-PC" failures="0" tests="1" name="com.grp.IHGDropDownTest" time="25.310" errors="0" timestamp="29 Mar 2025 02:01:54 GMT" skipped="0">
  <testcase classname="com.grp.IHGDropDownTest" name="ihgDropdown" time="25.310"/>
</testsuite> <!-- com.grp.IHGDropDownTest -->
