<?xml version="1.0" encoding="UTF-8"?>
<!-- Generated by org.testng.reporters.JUnitReportReporter -->
<testsuite hostname="Arun-PC" failures="0" tests="1" name="com.all.OrangeHRMTest" time="9.058" errors="0" timestamp="29 Mar 2025 02:01:54 GMT" skipped="0">
  <testcase classname="com.all.OrangeHRMTest" name="hrm" time="9.058"/>
</testsuite> <!-- com.all.OrangeHRMTest -->
